{"/home/blackops/code/learning/redux/src/store.js": {"path":"/home/blackops/code/learning/redux/src/store.js","statementMap":{"0":{"start":{"line":4,"column":14},"end":{"line":7,"column":1}}},"fnMap":{},"branchMap":{"0":{"loc":{"start":{"line":6,"column":4},"end":{"line":6,"column":80}},"type":"binary-expr","locations":[{"start":{"line":6,"column":4},"end":{"line":6,"column":39}},{"start":{"line":6,"column":43},"end":{"line":6,"column":80}}],"line":6}},"s":{"0":3},"f":{},"b":{"0":[3,0]},"_coverageSchema":"43e27e138ebf9cfc5966b082cf9a028302ed4184","hash":"4b3e9495ef0e8559cbcf1a9eb235f2015abcb27c"}
,"/home/blackops/code/learning/redux/src/actions/actions.js": {"path":"/home/blackops/code/learning/redux/src/actions/actions.js","statementMap":{},"fnMap":{},"branchMap":{},"s":{},"f":{},"b":{},"hash":"c9f6e76204d4dff7a5412936502dec2291a68da4"}
,"/home/blackops/code/learning/redux/src/components/App.js": {"path":"/home/blackops/code/learning/redux/src/components/App.js","statementMap":{"0":{"start":{"line":13,"column":36},"end":{"line":13,"column":48}},"1":{"start":{"line":15,"column":4},"end":{"line":43,"column":11}},"2":{"start":{"line":16,"column":23},"end":{"line":16,"column":57}},"3":{"start":{"line":17,"column":22},"end":{"line":17,"column":30}},"4":{"start":{"line":18,"column":21},"end":{"line":20,"column":26}},"5":{"start":{"line":22,"column":12},"end":{"line":22,"column":144}},"6":{"start":{"line":23,"column":20},"end":{"line":23,"column":158}},"7":{"start":{"line":25,"column":30},"end":{"line":41,"column":9}},"8":{"start":{"line":26,"column":12},"end":{"line":40,"column":13}},"9":{"start":{"line":27,"column":33},"end":{"line":27,"column":49}},"10":{"start":{"line":28,"column":29},"end":{"line":28,"column":50}},"11":{"start":{"line":29,"column":33},"end":{"line":29,"column":52}},"12":{"start":{"line":30,"column":16},"end":{"line":32,"column":19}},"13":{"start":{"line":31,"column":20},"end":{"line":31,"column":53}},"14":{"start":{"line":33,"column":16},"end":{"line":33,"column":38}},"15":{"start":{"line":34,"column":16},"end":{"line":37,"column":19}},"16":{"start":{"line":39,"column":16},"end":{"line":39,"column":35}},"17":{"start":{"line":42,"column":8},"end":{"line":42,"column":27}},"18":{"start":{"line":45,"column":4},"end":{"line":53,"column":6}}},"fnMap":{"0":{"name":"App","decl":{"start":{"line":12,"column":9},"end":{"line":12,"column":12}},"loc":{"start":{"line":12,"column":15},"end":{"line":54,"column":1}},"line":12},"1":{"name":"(anonymous_1)","decl":{"start":{"line":15,"column":14},"end":{"line":15,"column":15}},"loc":{"start":{"line":15,"column":20},"end":{"line":43,"column":5}},"line":15},"2":{"name":"(anonymous_2)","decl":{"start":{"line":25,"column":30},"end":{"line":25,"column":31}},"loc":{"start":{"line":25,"column":43},"end":{"line":41,"column":9}},"line":25},"3":{"name":"(anonymous_3)","decl":{"start":{"line":30,"column":33},"end":{"line":30,"column":34}},"loc":{"start":{"line":30,"column":44},"end":{"line":32,"column":17}},"line":30}},"branchMap":{},"s":{"0":1,"1":1,"2":0,"3":0,"4":0,"5":0,"6":0,"7":0,"8":0,"9":0,"10":0,"11":0,"12":0,"13":0,"14":0,"15":0,"16":0,"17":0,"18":1},"f":{"0":1,"1":0,"2":0,"3":0},"b":{},"_coverageSchema":"43e27e138ebf9cfc5966b082cf9a028302ed4184","hash":"d931f2ce43bd7eb5e8ad0709b085e0c843289184"}
,"/home/blackops/code/learning/redux/src/components/Headlines.js": {"path":"/home/blackops/code/learning/redux/src/components/Headlines.js","statementMap":{"0":{"start":{"line":6,"column":38},"end":{"line":6,"column":50}},"1":{"start":{"line":8,"column":4},"end":{"line":10,"column":11}},"2":{"start":{"line":9,"column":8},"end":{"line":9,"column":31}},"3":{"start":{"line":12,"column":28},"end":{"line":14,"column":5}},"4":{"start":{"line":13,"column":8},"end":{"line":13,"column":39}},"5":{"start":{"line":16,"column":4},"end":{"line":16,"column":37}},"6":{"start":{"line":21,"column":28},"end":{"line":29,"column":5}},"7":{"start":{"line":22,"column":8},"end":{"line":28,"column":10}},"8":{"start":{"line":31,"column":4},"end":{"line":52,"column":6}},"9":{"start":{"line":36,"column":22},"end":{"line":48,"column":27}}},"fnMap":{"0":{"name":"Headlines","decl":{"start":{"line":5,"column":9},"end":{"line":5,"column":18}},"loc":{"start":{"line":5,"column":33},"end":{"line":53,"column":1}},"line":5},"1":{"name":"(anonymous_1)","decl":{"start":{"line":8,"column":14},"end":{"line":8,"column":15}},"loc":{"start":{"line":8,"column":20},"end":{"line":10,"column":5}},"line":8},"2":{"name":"(anonymous_2)","decl":{"start":{"line":12,"column":28},"end":{"line":12,"column":29}},"loc":{"start":{"line":12,"column":34},"end":{"line":14,"column":5}},"line":12},"3":{"name":"(anonymous_3)","decl":{"start":{"line":21,"column":28},"end":{"line":21,"column":29}},"loc":{"start":{"line":21,"column":37},"end":{"line":29,"column":5}},"line":21},"4":{"name":"(anonymous_4)","decl":{"start":{"line":35,"column":41},"end":{"line":35,"column":42}},"loc":{"start":{"line":36,"column":22},"end":{"line":48,"column":27}},"line":36}},"branchMap":{"0":{"loc":{"start":{"line":34,"column":13},"end":{"line":50,"column":20}},"type":"cond-expr","locations":[{"start":{"line":35,"column":18},"end":{"line":49,"column":20}},{"start":{"line":50,"column":18},"end":{"line":50,"column":20}}],"line":34},"1":{"loc":{"start":{"line":34,"column":13},"end":{"line":34,"column":44}},"type":"binary-expr","locations":[{"start":{"line":34,"column":13},"end":{"line":34,"column":22}},{"start":{"line":34,"column":26},"end":{"line":34,"column":44}}],"line":34},"2":{"loc":{"start":{"line":43,"column":30},"end":{"line":46,"column":38}},"type":"cond-expr","locations":[{"start":{"line":45,"column":36},"end":{"line":45,"column":41}},{"start":{"line":46,"column":36},"end":{"line":46,"column":38}}],"line":43},"3":{"loc":{"start":{"line":43,"column":30},"end":{"line":44,"column":71}},"type":"binary-expr","locations":[{"start":{"line":43,"column":30},"end":{"line":43,"column":53}},{"start":{"line":44,"column":30},"end":{"line":44,"column":71}}],"line":43}},"s":{"0":12,"1":12,"2":3,"3":12,"4":6,"5":12,"6":12,"7":1,"8":12,"9":9},"f":{"0":12,"1":3,"2":6,"3":1,"4":9},"b":{"0":[3,9],"1":[12,12],"2":[0,9],"3":[9,0]},"_coverageSchema":"43e27e138ebf9cfc5966b082cf9a028302ed4184","hash":"91bd2880230ac60e4e653d28c1a0dee28b1d053c"}
,"/home/blackops/code/learning/redux/src/components/Metadata.js": {"path":"/home/blackops/code/learning/redux/src/components/Metadata.js","statementMap":{"0":{"start":{"line":7,"column":4},"end":{"line":11,"column":6}}},"fnMap":{"0":{"name":"Metadata","decl":{"start":{"line":6,"column":9},"end":{"line":6,"column":17}},"loc":{"start":{"line":6,"column":20},"end":{"line":12,"column":1}},"line":6}},"branchMap":{},"s":{"0":1},"f":{"0":1},"b":{},"_coverageSchema":"43e27e138ebf9cfc5966b082cf9a028302ed4184","hash":"4afdb9f3e0bdf3c579330daf0f5eb794fd831b91"}
,"/home/blackops/code/learning/redux/src/components/News.js": {"path":"/home/blackops/code/learning/redux/src/components/News.js","statementMap":{"0":{"start":{"line":7,"column":4},"end":{"line":11,"column":6}}},"fnMap":{"0":{"name":"News","decl":{"start":{"line":6,"column":9},"end":{"line":6,"column":13}},"loc":{"start":{"line":6,"column":16},"end":{"line":12,"column":1}},"line":6}},"branchMap":{},"s":{"0":2},"f":{"0":2},"b":{},"_coverageSchema":"43e27e138ebf9cfc5966b082cf9a028302ed4184","hash":"13830442341687a48ee877d57b5546692ec8c106"}
,"/home/blackops/code/learning/redux/src/components/ReadLater.js": {"path":"/home/blackops/code/learning/redux/src/components/ReadLater.js","statementMap":{"0":{"start":{"line":7,"column":4},"end":{"line":11,"column":6}}},"fnMap":{"0":{"name":"ReadLater","decl":{"start":{"line":6,"column":9},"end":{"line":6,"column":18}},"loc":{"start":{"line":6,"column":21},"end":{"line":12,"column":1}},"line":6}},"branchMap":{},"s":{"0":1},"f":{"0":1},"b":{},"_coverageSchema":"43e27e138ebf9cfc5966b082cf9a028302ed4184","hash":"2e928386c18026c794cf7ad62f5489b933d0d8ce"}
,"/home/blackops/code/learning/redux/src/reducers/reducers.js": {"path":"/home/blackops/code/learning/redux/src/reducers/reducers.js","statementMap":{"0":{"start":{"line":1,"column":17},"end":{"line":11,"column":1}},"1":{"start":{"line":2,"column":4},"end":{"line":10,"column":5}},"2":{"start":{"line":4,"column":29},"end":{"line":4,"column":72}},"3":{"start":{"line":5,"column":12},"end":{"line":5,"column":28}},"4":{"start":{"line":7,"column":12},"end":{"line":7,"column":70}},"5":{"start":{"line":9,"column":12},"end":{"line":9,"column":25}}},"fnMap":{"0":{"name":"(anonymous_0)","decl":{"start":{"line":1,"column":17},"end":{"line":1,"column":18}},"loc":{"start":{"line":1,"column":41},"end":{"line":11,"column":1}},"line":1}},"branchMap":{"0":{"loc":{"start":{"line":1,"column":18},"end":{"line":1,"column":28}},"type":"default-arg","locations":[{"start":{"line":1,"column":26},"end":{"line":1,"column":28}}],"line":1},"1":{"loc":{"start":{"line":2,"column":4},"end":{"line":10,"column":5}},"type":"switch","locations":[{"start":{"line":3,"column":8},"end":{"line":5,"column":28}},{"start":{"line":6,"column":8},"end":{"line":7,"column":70}},{"start":{"line":8,"column":8},"end":{"line":9,"column":25}}],"line":2}},"s":{"0":4,"1":7,"2":2,"3":2,"4":1,"5":4},"f":{"0":7},"b":{"0":[3],"1":[2,1,4]},"_coverageSchema":"43e27e138ebf9cfc5966b082cf9a028302ed4184","hash":"2707a18767362c3bbe0336697688008ac390cae5"}
}
