TN:
SF:/home/blackops/code/learning/redux/src/store.js
FNF:0
FNH:0
DA:4,3
LF:1
LH:1
BRDA:6,0,0,3
BRDA:6,0,1,0
BRF:2
BRH:1
end_of_record
TN:
SF:/home/blackops/code/learning/redux/src/actions/actions.js
FNF:0
FNH:0
LF:0
LH:0
BRF:0
BRH:0
end_of_record
TN:
SF:/home/blackops/code/learning/redux/src/components/App.js
FN:12,App
FN:15,(anonymous_1)
FN:25,(anonymous_2)
FN:30,(anonymous_3)
FNF:4
FNH:1
FNDA:1,App
FNDA:0,(anonymous_1)
FNDA:0,(anonymous_2)
FNDA:0,(anonymous_3)
DA:13,1
DA:15,1
DA:16,0
DA:17,0
DA:18,0
DA:22,0
DA:23,0
DA:25,0
DA:26,0
DA:27,0
DA:28,0
DA:29,0
DA:30,0
DA:31,0
DA:33,0
DA:34,0
DA:39,0
DA:42,0
DA:45,1
LF:19
LH:3
BRF:0
BRH:0
end_of_record
TN:
SF:/home/blackops/code/learning/redux/src/components/Headlines.js
FN:5,Headlines
FN:8,(anonymous_1)
FN:12,(anonymous_2)
FN:21,(anonymous_3)
FN:35,(anonymous_4)
FNF:5
FNH:5
FNDA:12,Headlines
FNDA:3,(anonymous_1)
FNDA:6,(anonymous_2)
FNDA:1,(anonymous_3)
FNDA:9,(anonymous_4)
DA:6,12
DA:8,12
DA:9,3
DA:12,12
DA:13,6
DA:16,12
DA:21,12
DA:22,1
DA:31,12
DA:36,9
LF:10
LH:10
BRDA:34,0,0,3
BRDA:34,0,1,9
BRDA:34,1,0,12
BRDA:34,1,1,12
BRDA:43,2,0,0
BRDA:43,2,1,9
BRDA:43,3,0,9
BRDA:43,3,1,0
BRF:8
BRH:6
end_of_record
TN:
SF:/home/blackops/code/learning/redux/src/components/Metadata.js
FN:6,Metadata
FNF:1
FNH:1
FNDA:1,Metadata
DA:7,1
LF:1
LH:1
BRF:0
BRH:0
end_of_record
TN:
SF:/home/blackops/code/learning/redux/src/components/News.js
FN:6,News
FNF:1
FNH:1
FNDA:2,News
DA:7,2
LF:1
LH:1
BRF:0
BRH:0
end_of_record
TN:
SF:/home/blackops/code/learning/redux/src/components/ReadLater.js
FN:6,ReadLater
FNF:1
FNH:1
FNDA:1,ReadLater
DA:7,1
LF:1
LH:1
BRF:0
BRH:0
end_of_record
TN:
SF:/home/blackops/code/learning/redux/src/reducers/reducers.js
FN:1,(anonymous_0)
FNF:1
FNH:1
FNDA:7,(anonymous_0)
DA:1,4
DA:2,7
DA:4,2
DA:5,2
DA:7,1
DA:9,4
LF:6
LH:6
BRDA:1,0,0,3
BRDA:2,1,0,2
BRDA:2,1,1,1
BRDA:2,1,2,4
BRF:4
BRH:4
end_of_record
