TN:
SF:/home/blackops/code/learning/redux/src/index.js
FNF:0
FNH:0
DA:8,0
LF:1
LH:0
BRF:0
BRH:0
end_of_record
TN:
SF:/home/blackops/code/learning/redux/src/store.js
FNF:0
FNH:0
DA:4,1
LF:1
LH:1
BRDA:6,0,0,1
BRDA:6,0,1,0
BRF:2
BRH:1
end_of_record
TN:
SF:/home/blackops/code/learning/redux/src/actions/actions.js
FNF:0
FNH:0
LF:0
LH:0
BRF:0
BRH:0
end_of_record
TN:
SF:/home/blackops/code/learning/redux/src/components/App.js
FN:12,App
FN:15,(anonymous_1)
FN:25,(anonymous_2)
FN:30,(anonymous_3)
FNF:4
FNH:1
FNDA:1,App
FNDA:0,(anonymous_1)
FNDA:0,(anonymous_2)
FNDA:0,(anonymous_3)
DA:13,1
DA:15,1
DA:16,0
DA:17,0
DA:18,0
DA:22,0
DA:23,0
DA:25,0
DA:26,0
DA:27,0
DA:28,0
DA:29,0
DA:30,0
DA:31,0
DA:33,0
DA:34,0
DA:39,0
DA:42,0
DA:45,1
LF:19
LH:3
BRF:0
BRH:0
end_of_record
TN:
SF:/home/blackops/code/learning/redux/src/components/Headlines.js
FN:5,Headlines
FN:10,(anonymous_1)
FN:17,(anonymous_2)
FN:22,(anonymous_3)
FNF:4
FNH:2
FNDA:1,Headlines
FNDA:0,(anonymous_1)
FNDA:2,(anonymous_2)
FNDA:0,(anonymous_3)
DA:6,1
DA:10,1
DA:11,0
DA:15,0
DA:17,2
DA:19,1
DA:23,0
LF:7
LH:4
BRDA:26,0,0,0
BRDA:26,0,1,0
BRDA:26,1,0,0
BRDA:26,1,1,0
BRF:4
BRH:0
end_of_record
TN:
SF:/home/blackops/code/learning/redux/src/components/Metadata.js
FN:6,Metadata
FNF:1
FNH:1
FNDA:1,Metadata
DA:7,1
LF:1
LH:1
BRF:0
BRH:0
end_of_record
TN:
SF:/home/blackops/code/learning/redux/src/components/News.js
FN:6,News
FNF:1
FNH:1
FNDA:1,News
DA:7,1
LF:1
LH:1
BRF:0
BRH:0
end_of_record
TN:
SF:/home/blackops/code/learning/redux/src/components/ReadLater.js
FN:6,ReadLater
FNF:1
FNH:1
FNDA:1,ReadLater
DA:7,1
LF:1
LH:1
BRF:0
BRH:0
end_of_record
TN:
SF:/home/blackops/code/learning/redux/src/reducers/reducers.js
FN:1,(anonymous_0)
FN:5,(anonymous_1)
FNF:2
FNH:2
FNDA:4,(anonymous_0)
FNDA:3,(anonymous_1)
DA:1,2
DA:2,4
DA:4,1
DA:5,3
DA:7,1
DA:8,1
DA:10,1
DA:12,2
LF:8
LH:8
BRDA:1,0,0,1
BRDA:2,1,0,1
BRDA:2,1,1,1
BRDA:2,1,2,2
BRF:4
BRH:4
end_of_record
